[I 250414 12:38:54 log:21] Obtendo as informações da documentação sobre Pessoas
[I 250414 12:38:54 log:21] Baixando informações do estado de Rondônia
[I 250414 12:39:18 log:21] Arquivo de RO de modalidade Pessoas extraído
[I 250414 12:39:18 log:21] Baixando informações do estado de Acre
[I 250414 12:39:29 log:21] Arquivo de AC de modalidade Pessoas extraído
[I 250414 12:39:29 log:21] Baixando informações do estado de Amazonas
[I 250414 12:40:05 log:21] Arquivo de AM de modalidade Pessoas extraído
[I 250414 12:40:05 log:21] Baixando informações do estado de Roraima
[I 250414 12:40:12 log:21] Arquivo de RR de modalidade Pessoas extraído
[I 250414 12:40:12 log:21] Baixando informações do estado de Pará
[I 250414 12:41:43 log:21] Arquivo de PA de modalidade Pessoas extraído
[I 250414 12:41:43 log:21] Baixando informações do estado de Amapá
[I 250414 12:41:52 log:21] Arquivo de AP de modalidade Pessoas extraído
[I 250414 12:41:52 log:21] Baixando informações do estado de Tocantins
[I 250414 12:42:24 log:21] Arquivo de TO de modalidade Pessoas extraído
[I 250414 12:42:24 log:21] Baixando informações do estado de Maranhão
[I 250414 12:44:03 log:21] Arquivo de MA de modalidade Pessoas extraído
[I 250414 12:44:03 log:21] Baixando informações do estado de Piauí
[I 250414 12:45:04 log:21] Arquivo de PI de modalidade Pessoas extraído
[I 250414 12:45:04 log:21] Baixando informações do estado de Ceará
[I 250414 12:46:50 log:21] Arquivo de CE de modalidade Pessoas extraído
[I 250414 12:46:50 log:21] Baixando informações do estado de Rio Grande do Norte
[I 250414 12:47:41 log:21] Arquivo de RN de modalidade Pessoas extraído
[I 250414 12:47:41 log:21] Baixando informações do estado de Paraíba
[I 250414 12:48:50 log:21] Arquivo de PB de modalidade Pessoas extraído
[I 250414 12:48:50 log:21] Baixando informações do estado de Pernambuco
[I 250414 12:50:42 log:21] Arquivo de PE de modalidade Pessoas extraído
[I 250414 12:50:42 log:21] Baixando informações do estado de Alagoas
[I 250414 12:51:24 log:21] Arquivo de AL de modalidade Pessoas extraído
[I 250414 12:51:24 log:21] Baixando informações do estado de Sergipe
[I 250414 12:51:54 log:21] Arquivo de SE de modalidade Pessoas extraído
[I 250414 12:51:54 log:21] Baixando informações do estado de Bahia
[I 250414 12:55:06 log:21] Arquivo de BA de modalidade Pessoas extraído
[I 250414 12:55:06 log:21] Baixando informações do estado de Minas Gerais
[I 250414 13:00:20 log:21] Arquivo de MG de modalidade Pessoas extraído
[I 250414 13:00:20 log:21] Baixando informações do estado de Espírito Santo
[I 250414 13:01:10 log:21] Arquivo de ES de modalidade Pessoas extraído
[I 250414 13:01:10 log:21] Baixando informações do estado de Rio de Janeiro
[I 250414 13:03:32 log:21] Arquivo de RJ de modalidade Pessoas extraído
[I 250414 13:03:32 log:21] Baixando informações do estado de São Paulo
[E 250414 13:03:32 log:24] Erro ao fazer o download dos dados de documentação: <urlopen error <urlopen error ftp error: error_perm('550 Failed to change directory.')>>
[E 250414 13:03:32 log:24] Erro ao extrair os dados do arquivo desejado: 'NoneType' object has no attribute 'seek'
[I 250414 13:32:54 log:21] Obtendo as informações da documentação sobre Pessoas
[I 250414 13:32:54 log:21] Baixando informações do estado de Rondônia
[I 250414 13:33:18 log:21] Arquivo de RO de modalidade Pessoas extraído
[I 250414 13:33:18 log:21] Baixando informações do estado de Acre
[I 250414 13:33:28 log:21] Arquivo de AC de modalidade Pessoas extraído
[I 250414 13:33:28 log:21] Baixando informações do estado de Amazonas
[I 250414 13:34:03 log:21] Arquivo de AM de modalidade Pessoas extraído
[I 250414 13:34:03 log:21] Baixando informações do estado de Roraima
[I 250414 13:34:10 log:21] Arquivo de RR de modalidade Pessoas extraído
[I 250414 13:34:10 log:21] Baixando informações do estado de Pará
[I 250414 13:35:38 log:21] Arquivo de PA de modalidade Pessoas extraído
[I 250414 13:35:38 log:21] Baixando informações do estado de Amapá
[I 250414 13:35:47 log:21] Arquivo de AP de modalidade Pessoas extraído
[I 250414 13:35:47 log:21] Baixando informações do estado de Tocantins
[I 250414 13:36:19 log:21] Arquivo de TO de modalidade Pessoas extraído
[I 250414 13:36:19 log:21] Baixando informações do estado de Maranhão
[I 250414 13:37:56 log:21] Arquivo de MA de modalidade Pessoas extraído
[I 250414 13:37:56 log:21] Baixando informações do estado de Piauí
[I 250414 13:38:57 log:21] Arquivo de PI de modalidade Pessoas extraído
[I 250414 13:38:57 log:21] Baixando informações do estado de Ceará
[I 250414 13:40:44 log:21] Arquivo de CE de modalidade Pessoas extraído
[I 250414 13:40:44 log:21] Baixando informações do estado de Rio Grande do Norte
[I 250414 13:41:36 log:21] Arquivo de RN de modalidade Pessoas extraído
[I 250414 13:41:36 log:21] Baixando informações do estado de Paraíba
[I 250414 13:51:35 log:21] Obtendo as informações da documentação sobre Pessoas
[I 250414 13:51:35 log:21] Baixando informações do estado de Paraná
[I 250414 13:54:22 log:21] Arquivo de PR de modalidade Pessoas extraído
[I 250414 13:56:27 log:21] Obtendo as informações da documentação sobre Pessoas
[I 250414 13:56:27 log:21] Baixando informações do estado de Rio Grande do Sul
[I 250414 13:59:23 log:21] Arquivo de RS de modalidade Pessoas extraído
[I 250414 14:02:37 log:21] Obtendo as informações da documentação sobre Pessoas
[I 250414 14:02:37 log:21] Baixando informações do estado de Santa Catarina
[I 250414 14:04:31 log:21] Arquivo de SC de modalidade Pessoas extraído
[I 250414 14:07:45 log:21] Obtendo as informações da documentação sobre Pessoas
[I 250414 14:07:45 log:21] Baixando informações do estado de Distrito Federal
[I 250414 14:07:59 log:21] Arquivo de DF de modalidade Pessoas extraído
[I 250414 14:08:45 log:21] Obtendo as informações da documentação sobre Pessoas
[I 250414 14:08:45 log:21] Baixando informações do estado de Goiás
[I 250414 14:10:12 log:21] Arquivo de GO de modalidade Pessoas extraído
[I 250414 14:10:46 log:21] Obtendo as informações da documentação sobre Pessoas
[I 250414 14:10:46 log:21] Baixando informações do estado de Mato Grosso
[I 250414 14:11:35 log:21] Arquivo de MT de modalidade Pessoas extraído
[I 250414 14:13:57 log:21] Obtendo as informações da documentação sobre Pessoas
[I 250414 14:13:57 log:21] Baixando informações do estado de Mato Grosso do Sul
[I 250414 14:14:32 log:21] Arquivo de MS de modalidade Pessoas extraído
[I 250414 14:16:57 log:21] Obtendo as informações da documentação sobre Pessoas
[I 250414 14:16:57 log:21] Baixando informações do estado de São Paulo
[I 250414 14:22:26 log:21] Arquivo de SP1 de modalidade Pessoas extraído
[I 250414 14:24:14 log:21] Obtendo as informações da documentação sobre Pessoas
[I 250414 14:24:14 log:21] Baixando informações do estado de São Paulo
[I 250414 14:26:47 log:21] Arquivo de SP2_RM de modalidade Pessoas extraído
[I 250414 14:45:45 log:21] Obtendo as informações da documentação sobre Pessoas
[I 250414 14:45:45 log:21] Baixando informações do estado de Piauí
[I 250414 14:46:47 log:21] Arquivo de PI de modalidade Pessoas extraído
