[E 240410 11:24:23 log:24] Erro ao acessar os dados de documentação: Missing optional dependency 'xlrd'. Install xlrd >= 2.0.1 for xls Excel support Use pip or conda to install xlrd.
[I 240410 11:24:23 log:21] Baixando informações do estado de Paraná
[I 240410 11:26:37 log:21] Obtendo as informações da documentação sobre Pessoas
[I 240410 11:26:37 log:21] Baixando informações do estado de Paraná
[I 240410 11:32:52 log:21] Arquivo de PR de modalidade Pessoas extraído
[I 240410 11:32:53 log:21] Obtendo as informações da documentação sobre Pessoas
[I 240410 11:32:53 log:21] Baixando informações do estado de Santa Catarina
[I 240410 11:36:14 log:21] Arquivo de SC de modalidade Pessoas extraído
[I 240410 11:36:15 log:21] Obtendo as informações da documentação sobre Pessoas
[I 240410 11:36:15 log:21] Baixando informações do estado de Rio Grande do Sul
[I 240410 11:41:49 log:21] Arquivo de RS de modalidade Pessoas extraído
[I 240410 11:41:50 log:21] Obtendo as informações da documentação sobre Pessoas
[I 240410 11:41:50 log:21] Baixando informações do estado de Mato Grosso do Sul
[I 240410 11:42:50 log:21] Arquivo de MS de modalidade Pessoas extraído
[I 240410 11:42:51 log:21] Obtendo as informações da documentação sobre Pessoas
[I 240410 11:42:51 log:21] Baixando informações do estado de Mato Grosso
[I 240410 11:44:17 log:21] Arquivo de MT de modalidade Pessoas extraído
[I 240410 11:44:18 log:21] Obtendo as informações da documentação sobre Pessoas
[I 240410 11:44:18 log:21] Baixando informações do estado de Goiás
[I 240410 11:46:56 log:21] Arquivo de GO de modalidade Pessoas extraído
[I 240410 11:46:57 log:21] Obtendo as informações da documentação sobre Pessoas
[I 240410 11:46:57 log:21] Baixando informações do estado de Distrito Federal
[I 240410 11:47:24 log:21] Arquivo de DF de modalidade Pessoas extraído
[I 240410 11:58:36 log:21] Obtendo as informações da documentação sobre Pessoas
[I 240410 11:58:36 log:21] Baixando informações do estado de Acre
[I 240410 11:58:57 log:21] Arquivo de AC de modalidade Pessoas extraído
[I 240410 11:58:58 log:21] Obtendo as informações da documentação sobre Pessoas
[I 240410 11:58:58 log:21] Baixando informações do estado de Amapá
[I 240410 11:59:17 log:21] Arquivo de AP de modalidade Pessoas extraído
[I 240410 11:59:18 log:21] Obtendo as informações da documentação sobre Pessoas
[I 240410 11:59:18 log:21] Baixando informações do estado de Amazonas
[I 240410 12:00:22 log:21] Arquivo de AM de modalidade Pessoas extraído
[I 240410 12:00:23 log:21] Obtendo as informações da documentação sobre Pessoas
[I 240410 12:00:23 log:21] Baixando informações do estado de Pará
[I 240410 12:10:29 log:21] Arquivo de PA de modalidade Pessoas extraído
[I 240410 12:10:30 log:21] Obtendo as informações da documentação sobre Pessoas
[I 240410 12:10:30 log:21] Baixando informações do estado de Rondônia
[I 240410 12:11:15 log:21] Arquivo de RO de modalidade Pessoas extraído
[I 240410 12:11:16 log:21] Obtendo as informações da documentação sobre Pessoas
[I 240410 12:11:16 log:21] Baixando informações do estado de Roraima
[I 240410 12:11:32 log:21] Arquivo de RR de modalidade Pessoas extraído
[I 240410 12:11:33 log:21] Obtendo as informações da documentação sobre Pessoas
[I 240410 12:11:33 log:21] Baixando informações do estado de Tocantins
[I 240410 12:12:36 log:21] Arquivo de TO de modalidade Pessoas extraído
[I 240410 12:12:37 log:21] Obtendo as informações da documentação sobre Pessoas
[I 240410 12:12:37 log:21] Baixando informações do estado de Alagoas
[I 240410 12:14:06 log:21] Arquivo de AL de modalidade Pessoas extraído
[I 240410 12:14:06 log:21] Obtendo as informações da documentação sobre Pessoas
[I 240410 12:14:06 log:21] Baixando informações do estado de Bahia
[I 240410 12:22:12 log:21] Arquivo de BA de modalidade Pessoas extraído
[I 240410 12:22:13 log:21] Obtendo as informações da documentação sobre Pessoas
[I 240410 12:22:13 log:21] Baixando informações do estado de Ceará
[I 240410 12:25:43 log:21] Arquivo de CE de modalidade Pessoas extraído
[I 240410 12:25:44 log:21] Obtendo as informações da documentação sobre Pessoas
[I 240410 12:25:44 log:21] Baixando informações do estado de Maranhão
[I 240410 12:28:45 log:21] Arquivo de MA de modalidade Pessoas extraído
[I 240410 12:28:46 log:21] Obtendo as informações da documentação sobre Pessoas
[I 240410 12:28:46 log:21] Baixando informações do estado de Paraíba
[I 240410 12:30:52 log:21] Arquivo de PB de modalidade Pessoas extraído
[I 240410 12:30:53 log:21] Obtendo as informações da documentação sobre Pessoas
[I 240410 12:30:53 log:21] Baixando informações do estado de Pernambuco
[I 240410 12:34:24 log:21] Arquivo de PE de modalidade Pessoas extraído
[I 240410 12:34:25 log:21] Obtendo as informações da documentação sobre Pessoas
[I 240410 12:34:25 log:21] Baixando informações do estado de Rio Grande do Norte
[I 240410 12:36:13 log:21] Arquivo de RN de modalidade Pessoas extraído
[I 240410 12:36:13 log:21] Obtendo as informações da documentação sobre Pessoas
[I 240410 12:36:13 log:21] Baixando informações do estado de Sergipe
[I 240410 12:37:06 log:21] Arquivo de SE de modalidade Pessoas extraído
[I 240410 12:37:07 log:21] Obtendo as informações da documentação sobre Pessoas
[I 240410 12:37:07 log:21] Baixando informações do estado de Espírito Santo
[I 240410 12:38:32 log:21] Arquivo de ES de modalidade Pessoas extraído
[I 240410 12:38:33 log:21] Obtendo as informações da documentação sobre Pessoas
[I 240410 12:38:33 log:21] Baixando informações do estado de Minas Gerais
[I 240410 13:04:16 log:21] Arquivo de MG de modalidade Pessoas extraído
[I 240410 13:04:17 log:21] Obtendo as informações da documentação sobre Pessoas
[I 240410 13:04:17 log:21] Baixando informações do estado de Rio de Janeiro
[I 240410 13:08:33 log:21] Arquivo de RJ de modalidade Pessoas extraído
[I 240410 13:08:34 log:21] Obtendo as informações da documentação sobre Pessoas
[I 240410 13:08:34 log:21] Baixando informações do estado de São Paulo
[I 240410 13:29:05 log:21] Arquivo de SP1 de modalidade Pessoas extraído
[I 240410 13:29:06 log:21] Obtendo as informações da documentação sobre Pessoas
[I 240410 13:29:06 log:21] Baixando informações do estado de São Paulo
[I 240410 13:33:44 log:21] Arquivo de SP2_RM de modalidade Pessoas extraído
[I 240410 13:33:45 log:21] Obtendo as informações da documentação sobre Pessoas
[I 240410 13:33:45 log:21] Baixando informações do estado de Paraná
[I 240410 13:38:37 log:21] Arquivo de PR de modalidade Pessoas extraído
[I 240410 13:38:38 log:21] Obtendo as informações da documentação sobre Pessoas
[I 240410 13:38:38 log:21] Baixando informações do estado de Rio Grande do Sul
[I 240410 13:43:59 log:21] Arquivo de RS de modalidade Pessoas extraído
[I 240410 13:44:01 log:21] Obtendo as informações da documentação sobre Pessoas
[I 240410 13:44:01 log:21] Baixando informações do estado de Santa Catarina
[I 240410 13:47:11 log:21] Arquivo de SC de modalidade Pessoas extraído
[I 240410 13:47:12 log:21] Obtendo as informações da documentação sobre Pessoas
[I 240410 13:47:12 log:21] Baixando informações do estado de Distrito Federal
[I 240410 13:47:39 log:21] Arquivo de DF de modalidade Pessoas extraído
[I 240410 13:47:40 log:21] Obtendo as informações da documentação sobre Pessoas
[I 240410 13:47:40 log:21] Baixando informações do estado de Goiás
[I 240410 13:50:12 log:21] Arquivo de GO de modalidade Pessoas extraído
[I 240410 13:50:12 log:21] Obtendo as informações da documentação sobre Pessoas
[I 240410 13:50:12 log:21] Baixando informações do estado de Mato Grosso
[I 240410 13:51:35 log:21] Arquivo de MT de modalidade Pessoas extraído
[I 240410 13:51:36 log:21] Obtendo as informações da documentação sobre Pessoas
[I 240410 13:51:36 log:21] Baixando informações do estado de Mato Grosso do Sul
[I 240410 13:52:34 log:21] Arquivo de MS de modalidade Pessoas extraído
